<?xml version="1.0" encoding="UTF-8"?>
<robot generator="Robot 7.4.2 (Python 3.13.7 on win32)" generated="2026-05-07T15:11:07.890554" rpa="false" schemaversion="5">
<suite id="s1" name="Robot Tests" source="D:\Automation\EcommerceAutomationFramework\robot_tests">
<suite id="s1-s1" name="Login" source="D:\Automation\EcommerceAutomationFramework\robot_tests\login.robot">
<test id="s1-s1-t1" name="Login Test" line="6">
<kw name="Open Browser" owner="SeleniumLibrary">
<msg time="2026-05-07T15:11:08.182784" level="INFO">Opening browser 'chrome' to base url 'https://www.saucedemo.com'.</msg>
<arg>https://www.saucedemo.com</arg>
<arg>chrome</arg>
<doc>Opens a new browser instance to the optional ``url``.</doc>
<status status="PASS" start="2026-05-07T15:11:08.182609" elapsed="1.915681"/>
</kw>
<kw name="Input Text" owner="SeleniumLibrary">
<msg time="2026-05-07T15:11:10.099179" level="INFO">Typing text 'standard_user' into text field 'id:user-name'.</msg>
<arg>id:user-name</arg>
<arg>standard_user</arg>
<doc>Types the given ``text`` into the text field identified by ``locator``.</doc>
<status status="PASS" start="2026-05-07T15:11:10.098744" elapsed="0.086821"/>
</kw>
<kw name="Input Text" owner="SeleniumLibrary">
<msg time="2026-05-07T15:11:10.186078" level="INFO">Typing text 'secret_sauce' into text field 'id:password'.</msg>
<arg>id:password</arg>
<arg>secret_sauce</arg>
<doc>Types the given ``text`` into the text field identified by ``locator``.</doc>
<status status="PASS" start="2026-05-07T15:11:10.185879" elapsed="0.061168"/>
</kw>
<kw name="Click Button" owner="SeleniumLibrary">
<msg time="2026-05-07T15:11:10.247602" level="INFO">Clicking button 'id:login-button'.</msg>
<arg>id:login-button</arg>
<doc>Clicks the button identified by ``locator``.</doc>
<status status="PASS" start="2026-05-07T15:11:10.247408" elapsed="0.086585"/>
</kw>
<kw name="Close Browser" owner="SeleniumLibrary">
<doc>Closes the current browser.</doc>
<status status="PASS" start="2026-05-07T15:11:10.334297" elapsed="2.178931"/>
</kw>
<status status="PASS" start="2026-05-07T15:11:08.181841" elapsed="4.332243"/>
</test>
<status status="PASS" start="2026-05-07T15:11:07.929485" elapsed="4.587136"/>
</suite>
<status status="PASS" start="2026-05-07T15:11:07.891485" elapsed="4.627373"/>
</suite>
<statistics>
<total>
<stat pass="1" fail="0" skip="0">All Tests</stat>
</total>
<tag>
</tag>
<suite>
<stat name="Robot Tests" id="s1" pass="1" fail="0" skip="0">Robot Tests</stat>
<stat name="Login" id="s1-s1" pass="1" fail="0" skip="0">Robot Tests.Login</stat>
</suite>
</statistics>
<errors>
</errors>
</robot>
